build/app/intermediates/manifest_merge_blame_file/debug/manifest-merger-blame-debug-report.txt
1<?xml version="1.0" encoding="utf-8"?>
2<manifest xmlns:android="http://schemas.android.com/apk/res/android"
3    package="com.example.news_app"
4    android:versionCode="1"
5    android:versionName="1.0.0" >
6
7    <uses-sdk
8        android:minSdkVersion="19"
9        android:targetSdkVersion="31" />
10    <!--
11         The INTERNET permission is required for development. Specifically,
12         the Flutter tool needs it to communicate with the running application
13         to allow setting breakpoints, to provide hot reload, etc.
14    -->
15    <uses-permission android:name="android.permission.INTERNET" />
15-->src\debug\AndroidManifest.xml:7:5-66
15-->src\debug\AndroidManifest.xml:7:22-64
16    <uses-permission android:name="android.permission.QUERY_ALL_PACKAGES" />
16-->src\main\AndroidManifest.xml:3:5-77
16-->src\main\AndroidManifest.xml:3:22-74
17
18    <queries>
18-->src\main\AndroidManifest.xml:4:5-17:15
19        <intent>
19-->src\main\AndroidManifest.xml:5:9-8:18
20            <action android:name="android.intent.action.VIEW" />
20-->src\main\AndroidManifest.xml:6:13-65
20-->src\main\AndroidManifest.xml:6:21-62
21
22            <data android:scheme="https" />
22-->src\main\AndroidManifest.xml:7:13-44
22-->src\main\AndroidManifest.xml:7:19-41
23        </intent>
24        <intent>
24-->src\main\AndroidManifest.xml:9:9-12:18
25            <action android:name="android.intent.action.DIAL" />
25-->src\main\AndroidManifest.xml:10:13-65
25-->src\main\AndroidManifest.xml:10:21-62
26
27            <data android:scheme="tel" />
27-->src\main\AndroidManifest.xml:7:13-44
27-->src\main\AndroidManifest.xml:7:19-41
28        </intent>
29        <intent>
29-->src\main\AndroidManifest.xml:13:9-16:18
30            <action android:name="android.intent.action.SEND" />
30-->src\main\AndroidManifest.xml:14:13-65
30-->src\main\AndroidManifest.xml:14:21-62
31
32            <data android:mimeType="*/*" />
32-->src\main\AndroidManifest.xml:7:13-44
33        </intent>
34    </queries>
35
36    <uses-permission android:name="android.permission.ACCESS_NETWORK_STATE" />
36-->[com.google.android.exoplayer:exoplayer-core:2.18.1] AndroidManifest.xml:24:5-79
36-->[com.google.android.exoplayer:exoplayer-core:2.18.1] AndroidManifest.xml:24:22-76
37
38    <application
39        android:name="android.app.Application"
40        android:appComponentFactory="androidx.core.app.CoreComponentFactory"
40-->[androidx.core:core:1.7.0] AndroidManifest.xml:24:18-86
41        android:debuggable="true"
42        android:icon="@mipmap/ic_launcher"
43        android:label="news_app" >
44        <activity
45            android:name="com.example.news_app.MainActivity"
46            android:configChanges="orientation|keyboardHidden|keyboard|screenSize|smallestScreenSize|locale|layoutDirection|fontScale|screenLayout|density|uiMode"
47            android:exported="true"
48            android:hardwareAccelerated="true"
49            android:launchMode="singleTop"
50            android:theme="@style/LaunchTheme"
51            android:windowSoftInputMode="adjustResize" >
52
53            <!--
54                 Specifies an Android theme to apply to this Activity as soon as
55                 the Android process has started. This theme is visible to the user
56                 while the Flutter UI initializes. After that, this theme continues
57                 to determine the Window background behind the Flutter UI.
58            -->
59            <meta-data
60                android:name="io.flutter.embedding.android.NormalTheme"
61                android:resource="@style/NormalTheme" />
62
63            <intent-filter>
64                <action android:name="android.intent.action.MAIN" />
65
66                <category android:name="android.intent.category.LAUNCHER" />
67            </intent-filter>
68        </activity>
69        <!--
70             Don't delete the meta-data below.
71             This is used by the Flutter tool to generate GeneratedPluginRegistrant.java
72        -->
73        <meta-data
74            android:name="flutterEmbedding"
75            android:value="2" />
76
77        <provider
77-->[:share_plus] AndroidManifest.xml:10:9-18:20
78            android:name="dev.fluttercommunity.plus.share.ShareFileProvider"
78-->[:share_plus] AndroidManifest.xml:11:13-77
79            android:authorities="com.example.news_app.flutter.share_provider"
79-->[:share_plus] AndroidManifest.xml:12:13-74
80            android:exported="false"
80-->[:share_plus] AndroidManifest.xml:13:13-37
81            android:grantUriPermissions="true" >
81-->[:share_plus] AndroidManifest.xml:14:13-47
82            <meta-data
82-->[:share_plus] AndroidManifest.xml:15:13-17:68
83                android:name="android.support.FILE_PROVIDER_PATHS"
83-->[:share_plus] AndroidManifest.xml:16:17-67
84                android:resource="@xml/flutter_share_file_paths" />
84-->[:share_plus] AndroidManifest.xml:17:17-65
85        </provider>
86
87        <activity
87-->[:url_launcher_android] AndroidManifest.xml:10:9-13:74
88            android:name="io.flutter.plugins.urllauncher.WebViewActivity"
88-->[:url_launcher_android] AndroidManifest.xml:11:13-74
89            android:exported="false"
89-->[:url_launcher_android] AndroidManifest.xml:12:13-37
90            android:theme="@android:style/Theme.NoTitleBar.Fullscreen" />
90-->[:url_launcher_android] AndroidManifest.xml:13:13-71
91
92        <uses-library
92-->[androidx.window:window:1.0.0-beta04] AndroidManifest.xml:25:9-27:40
93            android:name="androidx.window.extensions"
93-->[androidx.window:window:1.0.0-beta04] AndroidManifest.xml:26:13-54
94            android:required="false" />
94-->[androidx.window:window:1.0.0-beta04] AndroidManifest.xml:27:13-37
95        <uses-library
95-->[androidx.window:window:1.0.0-beta04] AndroidManifest.xml:28:9-30:40
96            android:name="androidx.window.sidecar"
96-->[androidx.window:window:1.0.0-beta04] AndroidManifest.xml:29:13-51
97            android:required="false" />
97-->[androidx.window:window:1.0.0-beta04] AndroidManifest.xml:30:13-37
98    </application>
99
100</manifest>